[2025-09-30 19:43:10] [ERROR]: Erro ao processar webhook: Cannot read properties of undefined (reading '_data')
[2025-09-30 19:43:27] [ERROR]: Erro ao processar webhook: Cannot read properties of undefined (reading '_data')
[2025-09-30 19:49:01] [ERROR]: Erro ao salvar mensagem: relation "mensagens" does not exist
[2025-09-30 19:49:01] [ERROR]: Erro ao processar webhook: relation "mensagens" does not exist
[2025-09-30 19:53:27] [ERROR]: Erro ao salvar mensagem: relation "mensagens" does not exist
[2025-09-30 19:53:27] [ERROR]: Erro ao processar webhook: relation "mensagens" does not exist
[2025-09-30 19:55:19] [ERROR]: Erro ao salvar mensagem: relation "tbl_mensagem_whatsapp" does not exist
[2025-09-30 19:55:19] [ERROR]: Erro ao processar webhook: relation "tbl_mensagem_whatsapp" does not exist
[2025-09-30 19:58:31] [ERROR]: Erro ao salvar mensagem: relation "tbl_mensagem_whatsapp" does not exist
[2025-09-30 19:58:31] [ERROR]: Erro ao processar webhook: relation "tbl_mensagem_whatsapp" does not exist
[2025-09-30 19:59:42] [ERROR]: Erro ao salvar mensagem: null value in column "id_mensagem" of relation "tbl_mensagem_whatsapp" violates not-null constraint
[2025-09-30 19:59:42] [ERROR]: Erro ao processar webhook: null value in column "id_mensagem" of relation "tbl_mensagem_whatsapp" violates not-null constraint
[2025-09-30 20:04:05] [ERROR]: Erro ao salvar mensagem: null value in column "id_mensagem" of relation "tbl_mensagem_whatsapp" violates not-null constraint
[2025-09-30 20:04:05] [ERROR]: Erro ao processar webhook: null value in column "id_mensagem" of relation "tbl_mensagem_whatsapp" violates not-null constraint
[2025-09-30 20:16:43] [ERROR]: Erro ao salvar mensagem: null value in column "id_mensagem" of relation "tbl_mensagem_whatsapp" violates not-null constraint
[2025-09-30 20:16:43] [ERROR]: Erro ao processar webhook: null value in column "id_mensagem" of relation "tbl_mensagem_whatsapp" violates not-null constraint
[2025-09-30 20:25:00] [ERROR]: ❌ Erro de conexão com PostgreSQL: the database system is starting up
[2025-09-30 20:25:22] [ERROR]: ❌ Erro de conexão com PostgreSQL: the database system is starting up
[2025-09-30 20:28:56] [ERROR]: Erro ao processar webhook: uuid_generate_v4 is not defined
[2025-10-01 17:53:08] [ERROR]: Erro ao processar webhook: uuid_generate_v4 is not defined
[2025-10-01 18:08:19] [ERROR]: Erro ao processar webhook: uuid_generate_v4 is not defined
[2025-10-01 18:09:51] [ERROR]: Erro ao processar webhook: uuid_generate_v4 is not defined
[2025-10-01 18:47:20] [ERROR]: Erro ao processar webhook: uuid_generate_v4 is not defined
[2025-10-01 18:47:41] [ERROR]: ❌ Erro de conexão com PostgreSQL: the database system is starting up
[2025-10-06 19:24:45] [ERROR]: ❌ Erro de conexão com PostgreSQL: the database system is starting up
[2025-10-06 19:49:30] [ERROR]: ❌ Erro de conexão com PostgreSQL: the database system is starting up
[2025-10-07 19:30:02] [ERROR]: ❌ Erro de conexão com PostgreSQL: the database system is starting up
[2025-10-07 20:24:06] [ERROR]: ❌ Erro de conexão com PostgreSQL: the database system is starting up
[2025-10-08 17:41:09] [ERROR]: ❌ Erro de conexão com PostgreSQL: the database system is starting up
[2025-10-08 17:53:32] [ERROR]: ❌ Erro de conexão com PostgreSQL: the database system is starting up
[2025-10-08 18:43:04] [ERROR]: ❌ Erro de conexão com PostgreSQL: the database system is starting up
[2025-10-08 18:49:03] [ERROR]: ❌ Erro de conexão com PostgreSQL: the database system is starting up
[2025-10-08 19:08:35] [ERROR]: ❌ Erro de conexão com PostgreSQL: the database system is starting up
[2025-10-08 19:13:45] [ERROR]: ❌ Erro de conexão com PostgreSQL: the database system is starting up
[2025-10-08 20:00:48] [ERROR]: ❌ Erro de conexão com PostgreSQL: the database system is starting up
[2025-10-15 18:44:52] [ERROR]: ❌ Erro de conexão com PostgreSQL: the database system is starting up
[2025-10-15 19:13:23] [ERROR]: ❌ Erro de conexão com PostgreSQL: the database system is starting up
[2025-10-15 19:36:12] [ERROR]: ❌ Erro de conexão com PostgreSQL: the database system is starting up
[2025-10-15 19:41:30] [ERROR]: ❌ Erro de conexão com PostgreSQL: the database system is starting up
[2025-10-15 20:05:29] [ERROR]: ❌ Erro de conexão com PostgreSQL: the database system is starting up
[2025-10-15 20:27:09] [ERROR]: ❌ Erro de conexão com PostgreSQL: the database system is starting up
[2025-10-16 19:13:59] [ERROR]: ❌ Erro de conexão com PostgreSQL: the database system is starting up
[2025-10-16 19:28:39] [ERROR]: ❌ Erro de conexão com PostgreSQL: the database system is starting up
[2025-10-16 20:00:07] [ERROR]: Erro ao salvar mensagem: invalid input syntax for type uuid: "ABCD1234"
[2025-10-16 20:00:07] [ERROR]: Erro ao processar webhook: invalid input syntax for type uuid: "ABCD1234"
[2025-10-16 20:04:09] [ERROR]: Erro ao salvar mensagem: invalid input syntax for type uuid: "TESTE1234"
[2025-10-16 20:04:09] [ERROR]: Erro ao processar webhook: invalid input syntax for type uuid: "TESTE1234"
[2025-10-16 20:08:25] [ERROR]: ❌ Erro de conexão com PostgreSQL: the database system is starting up
[2025-10-17 17:47:53] [ERROR]: ❌ Erro de conexão com PostgreSQL: the database system is starting up
[2025-10-17 18:55:20] [ERROR]: ❌ Erro de conexão com PostgreSQL: the database system is starting up
[2025-10-17 19:41:20] [ERROR]: ❌ Erro de conexão com PostgreSQL: the database system is starting up
[2025-10-20 16:52:52] [ERROR]: ❌ Erro de conexão com PostgreSQL: the database system is starting up
[2025-10-20 18:19:24] [ERROR]: ❌ Erro de conexão com PostgreSQL: the database system is starting up
[2025-10-20 18:33:39] [ERROR]: ❌ Erro de conexão com PostgreSQL: the database system is starting up
[2025-10-20 18:56:23] [ERROR]: ❌ Erro de conexão com PostgreSQL: the database system is starting up
[2025-10-20 19:21:11] [ERROR]: ❌ Erro de conexão com PostgreSQL: the database system is starting up
[2025-10-20 19:33:01] [ERROR]: ❌ Erro de conexão com PostgreSQL: the database system is starting up
[2025-10-20 20:05:27] [ERROR]: ❌ Erro de conexão com PostgreSQL: the database system is starting up
[2025-10-21 17:10:43] [ERROR]: ❌ Erro de conexão com PostgreSQL: the database system is starting up
[2025-10-21 17:17:03] [ERROR]: ❌ Erro de conexão com PostgreSQL: the database system is starting up
[2025-10-21 17:50:27] [ERROR]: ❌ Erro de conexão com PostgreSQL: the database system is starting up
[2025-10-21 18:00:30] [ERROR]: ❌ Erro de conexão com PostgreSQL: the database system is starting up
[2025-10-21 18:29:46] [ERROR]: ❌ Erro de conexão com PostgreSQL: the database system is starting up
[2025-10-22 19:50:37] [ERROR]: ❌ Erro de conexão com PostgreSQL: the database system is starting up
[2025-10-22 20:15:39] [ERROR]: ❌ Erro de conexão com PostgreSQL: the database system is starting up
[2025-10-23 19:17:53] [ERROR]: ❌ Erro de conexão com PostgreSQL: the database system is starting up
[2025-10-23 19:33:05] [ERROR]: ❌ Erro de conexão com PostgreSQL: the database system is starting up
[2025-10-23 19:43:13] [ERROR]: ❌ Erro de conexão com PostgreSQL: the database system is starting up
[2025-10-23 19:46:38] [ERROR]: ❌ Erro de conexão com PostgreSQL: the database system is starting up
[2025-10-24 18:33:02] [ERROR]: ❌ Erro de conexão com PostgreSQL: the database system is starting up
[2025-10-24 19:18:54] [ERROR]: ❌ Erro de conexão com PostgreSQL: the database system is starting up
[2025-10-24 19:32:10] [ERROR]: ❌ Erro de conexão com PostgreSQL: the database system is starting up
[2025-10-29 17:30:42] [ERROR]: ❌ Erro de conexão com PostgreSQL: the database system is starting up
[2025-10-29 17:50:45] [ERROR]: ❌ Erro de conexão com PostgreSQL: the database system is starting up
[2025-10-29 18:00:14] [ERROR]: ❌ Erro de conexão com PostgreSQL: the database system is starting up
[2025-10-29 18:23:41] [ERROR]: ❌ Erro de conexão com PostgreSQL: the database system is starting up
[2025-10-30 17:16:38] [ERROR]: ❌ Erro de conexão com PostgreSQL: the database system is starting up
[2025-10-30 17:28:00] [ERROR]: ❌ Erro de conexão com PostgreSQL: the database system is starting up
[2025-10-30 17:29:32] [ERROR]: ❌ Falha ao enviar mensagem automática: Request failed with status code 500
[2025-10-30 17:36:39] [ERROR]: ❌ Falha ao enviar mensagem automática: Request failed with status code 500
[2025-10-30 18:02:17] [ERROR]: ❌ Erro de conexão com PostgreSQL: the database system is starting up
[2025-10-30 18:04:57] [ERROR]: ❌ Erro de conexão com PostgreSQL: the database system is starting up
[2025-10-30 18:07:56] [ERROR]: ❌ Falha ao enviar mensagem automática: Request failed with status code 500
[2025-10-30 20:03:25] [ERROR]: ❌ Erro de conexão com PostgreSQL: the database system is starting up
[2025-10-30 20:18:18] [ERROR]: ❌ Erro de conexão com PostgreSQL: the database system is starting up
[2025-10-30 20:23:53] [ERROR]: ❌ Erro de conexão com PostgreSQL: the database system is starting up
[2025-10-31 17:25:40] [ERROR]: ❌ Erro de conexão com PostgreSQL: the database system is starting up
[2025-10-31 18:30:47] [ERROR]: ❌ Erro ao verificar/cadastrar tbl_utilizador: null value in column "nu_telefone" of relation "tbl_utilizador" violates not-null constraint
[2025-10-31 18:30:47] [ERROR]: ❌ Erro ao verificar/cadastrar tbl_funil_utilizador: insert or update on table "tbl_funil_utilizador" violates foreign key constraint "fk_tbl_funil_utilizador_tbl_funil_1"
[2025-10-31 18:30:51] [ERROR]: ❌ Erro ao verificar/cadastrar tbl_utilizador: null value in column "nu_telefone" of relation "tbl_utilizador" violates not-null constraint
[2025-10-31 18:30:51] [ERROR]: ❌ Erro ao verificar/cadastrar tbl_funil_utilizador: insert or update on table "tbl_funil_utilizador" violates foreign key constraint "fk_tbl_funil_utilizador_tbl_funil_1"
[2025-10-31 18:38:40] [ERROR]: ❌ Erro ao verificar/cadastrar tbl_utilizador: null value in column "nu_telefone" of relation "tbl_utilizador" violates not-null constraint
[2025-10-31 18:38:40] [ERROR]: ❌ Erro ao verificar/cadastrar tbl_funil_utilizador: insert or update on table "tbl_funil_utilizador" violates foreign key constraint "fk_tbl_funil_utilizador_tbl_funil_1"
[2025-10-31 18:39:19] [ERROR]: ❌ Erro ao verificar/cadastrar tbl_utilizador: null value in column "nu_telefone" of relation "tbl_utilizador" violates not-null constraint
[2025-10-31 18:39:19] [ERROR]: ❌ Erro ao verificar/cadastrar tbl_utilizador: null value in column "nu_telefone" of relation "tbl_utilizador" violates not-null constraint
[2025-10-31 18:39:19] [ERROR]: ❌ Erro ao verificar/cadastrar tbl_funil_utilizador: insert or update on table "tbl_funil_utilizador" violates foreign key constraint "fk_tbl_funil_utilizador_tbl_funil_1"
[2025-10-31 18:39:19] [ERROR]: ❌ Erro ao verificar/cadastrar tbl_funil_utilizador: insert or update on table "tbl_funil_utilizador" violates foreign key constraint "fk_tbl_funil_utilizador_tbl_funil_1"
[2025-10-31 18:39:20] [ERROR]: ❌ Erro ao verificar/cadastrar tbl_utilizador: null value in column "nu_telefone" of relation "tbl_utilizador" violates not-null constraint
[2025-10-31 18:39:20] [ERROR]: ❌ Erro ao verificar/cadastrar tbl_utilizador: null value in column "nu_telefone" of relation "tbl_utilizador" violates not-null constraint
[2025-10-31 18:39:20] [ERROR]: ❌ Erro ao verificar/cadastrar tbl_funil_utilizador: insert or update on table "tbl_funil_utilizador" violates foreign key constraint "fk_tbl_funil_utilizador_tbl_funil_1"
[2025-10-31 18:39:20] [ERROR]: ❌ Erro ao verificar/cadastrar tbl_funil_utilizador: insert or update on table "tbl_funil_utilizador" violates foreign key constraint "fk_tbl_funil_utilizador_tbl_funil_1"
[2025-10-31 18:39:20] [ERROR]: ❌ Erro ao verificar/cadastrar tbl_utilizador: null value in column "nu_telefone" of relation "tbl_utilizador" violates not-null constraint
[2025-10-31 18:39:20] [ERROR]: ❌ Erro ao verificar/cadastrar tbl_utilizador: null value in column "nu_telefone" of relation "tbl_utilizador" violates not-null constraint
[2025-10-31 18:39:20] [ERROR]: ❌ Erro ao verificar/cadastrar tbl_funil_utilizador: insert or update on table "tbl_funil_utilizador" violates foreign key constraint "fk_tbl_funil_utilizador_tbl_funil_1"
[2025-10-31 18:39:20] [ERROR]: ❌ Erro ao verificar/cadastrar tbl_funil_utilizador: insert or update on table "tbl_funil_utilizador" violates foreign key constraint "fk_tbl_funil_utilizador_tbl_funil_1"
[2025-10-31 18:39:21] [ERROR]: ❌ Erro ao verificar/cadastrar tbl_utilizador: null value in column "nu_telefone" of relation "tbl_utilizador" violates not-null constraint
[2025-10-31 18:39:21] [ERROR]: ❌ Erro ao verificar/cadastrar tbl_utilizador: null value in column "nu_telefone" of relation "tbl_utilizador" violates not-null constraint
[2025-10-31 18:39:21] [ERROR]: ❌ Erro ao verificar/cadastrar tbl_funil_utilizador: insert or update on table "tbl_funil_utilizador" violates foreign key constraint "fk_tbl_funil_utilizador_tbl_funil_1"
[2025-10-31 18:39:21] [ERROR]: ❌ Erro ao verificar/cadastrar tbl_funil_utilizador: insert or update on table "tbl_funil_utilizador" violates foreign key constraint "fk_tbl_funil_utilizador_tbl_funil_1"
[2025-10-31 18:39:21] [ERROR]: ❌ Erro ao verificar/cadastrar tbl_utilizador: null value in column "nu_telefone" of relation "tbl_utilizador" violates not-null constraint
[2025-10-31 18:39:21] [ERROR]: ❌ Erro ao verificar/cadastrar tbl_utilizador: null value in column "nu_telefone" of relation "tbl_utilizador" violates not-null constraint
[2025-10-31 18:39:21] [ERROR]: ❌ Erro ao verificar/cadastrar tbl_funil_utilizador: insert or update on table "tbl_funil_utilizador" violates foreign key constraint "fk_tbl_funil_utilizador_tbl_funil_1"
[2025-10-31 18:39:21] [ERROR]: ❌ Erro ao verificar/cadastrar tbl_funil_utilizador: insert or update on table "tbl_funil_utilizador" violates foreign key constraint "fk_tbl_funil_utilizador_tbl_funil_1"
[2025-10-31 18:39:21] [ERROR]: ❌ Erro ao verificar/cadastrar tbl_utilizador: null value in column "nu_telefone" of relation "tbl_utilizador" violates not-null constraint
[2025-10-31 18:39:22] [ERROR]: ❌ Erro ao verificar/cadastrar tbl_funil_utilizador: insert or update on table "tbl_funil_utilizador" violates foreign key constraint "fk_tbl_funil_utilizador_tbl_funil_1"
[2025-10-31 18:39:22] [ERROR]: ❌ Erro ao verificar/cadastrar tbl_utilizador: null value in column "nu_telefone" of relation "tbl_utilizador" violates not-null constraint
[2025-10-31 18:39:22] [ERROR]: ❌ Erro ao verificar/cadastrar tbl_funil_utilizador: insert or update on table "tbl_funil_utilizador" violates foreign key constraint "fk_tbl_funil_utilizador_tbl_funil_1"
[2025-10-31 18:39:22] [ERROR]: ❌ Erro ao verificar/cadastrar tbl_utilizador: null value in column "nu_telefone" of relation "tbl_utilizador" violates not-null constraint
[2025-10-31 18:39:22] [ERROR]: ❌ Erro ao verificar/cadastrar tbl_utilizador: null value in column "nu_telefone" of relation "tbl_utilizador" violates not-null constraint
[2025-10-31 18:39:22] [ERROR]: ❌ Erro ao verificar/cadastrar tbl_funil_utilizador: insert or update on table "tbl_funil_utilizador" violates foreign key constraint "fk_tbl_funil_utilizador_tbl_funil_1"
[2025-10-31 18:39:22] [ERROR]: ❌ Erro ao verificar/cadastrar tbl_funil_utilizador: insert or update on table "tbl_funil_utilizador" violates foreign key constraint "fk_tbl_funil_utilizador_tbl_funil_1"
[2025-10-31 18:39:22] [ERROR]: ❌ Erro ao verificar/cadastrar tbl_utilizador: null value in column "nu_telefone" of relation "tbl_utilizador" violates not-null constraint
[2025-10-31 18:39:22] [ERROR]: ❌ Erro ao verificar/cadastrar tbl_utilizador: null value in column "nu_telefone" of relation "tbl_utilizador" violates not-null constraint
[2025-10-31 18:39:22] [ERROR]: ❌ Erro ao verificar/cadastrar tbl_funil_utilizador: insert or update on table "tbl_funil_utilizador" violates foreign key constraint "fk_tbl_funil_utilizador_tbl_funil_1"
[2025-10-31 18:39:23] [ERROR]: ❌ Erro ao verificar/cadastrar tbl_funil_utilizador: insert or update on table "tbl_funil_utilizador" violates foreign key constraint "fk_tbl_funil_utilizador_tbl_funil_1"
[2025-10-31 18:39:23] [ERROR]: ❌ Erro ao verificar/cadastrar tbl_utilizador: null value in column "nu_telefone" of relation "tbl_utilizador" violates not-null constraint
[2025-10-31 18:39:23] [ERROR]: ❌ Erro ao verificar/cadastrar tbl_utilizador: null value in column "nu_telefone" of relation "tbl_utilizador" violates not-null constraint
[2025-10-31 18:39:23] [ERROR]: ❌ Erro ao verificar/cadastrar tbl_funil_utilizador: insert or update on table "tbl_funil_utilizador" violates foreign key constraint "fk_tbl_funil_utilizador_tbl_funil_1"
[2025-10-31 18:39:23] [ERROR]: ❌ Erro ao verificar/cadastrar tbl_funil_utilizador: insert or update on table "tbl_funil_utilizador" violates foreign key constraint "fk_tbl_funil_utilizador_tbl_funil_1"
[2025-10-31 18:39:23] [ERROR]: ❌ Erro ao verificar/cadastrar tbl_utilizador: null value in column "nu_telefone" of relation "tbl_utilizador" violates not-null constraint
[2025-10-31 18:39:23] [ERROR]: ❌ Erro ao verificar/cadastrar tbl_utilizador: null value in column "nu_telefone" of relation "tbl_utilizador" violates not-null constraint
[2025-10-31 18:39:23] [ERROR]: ❌ Erro ao verificar/cadastrar tbl_funil_utilizador: insert or update on table "tbl_funil_utilizador" violates foreign key constraint "fk_tbl_funil_utilizador_tbl_funil_1"
[2025-10-31 18:39:23] [ERROR]: ❌ Erro ao verificar/cadastrar tbl_funil_utilizador: insert or update on table "tbl_funil_utilizador" violates foreign key constraint "fk_tbl_funil_utilizador_tbl_funil_1"
[2025-10-31 18:39:24] [ERROR]: ❌ Erro ao verificar/cadastrar tbl_utilizador: null value in column "nu_telefone" of relation "tbl_utilizador" violates not-null constraint
[2025-10-31 18:39:24] [ERROR]: ❌ Erro ao verificar/cadastrar tbl_utilizador: null value in column "nu_telefone" of relation "tbl_utilizador" violates not-null constraint
[2025-10-31 18:39:24] [ERROR]: ❌ Erro ao verificar/cadastrar tbl_funil_utilizador: insert or update on table "tbl_funil_utilizador" violates foreign key constraint "fk_tbl_funil_utilizador_tbl_funil_1"
[2025-10-31 18:39:24] [ERROR]: ❌ Erro ao verificar/cadastrar tbl_funil_utilizador: insert or update on table "tbl_funil_utilizador" violates foreign key constraint "fk_tbl_funil_utilizador_tbl_funil_1"
[2025-10-31 18:39:24] [ERROR]: ❌ Erro ao verificar/cadastrar tbl_utilizador: null value in column "nu_telefone" of relation "tbl_utilizador" violates not-null constraint
[2025-10-31 18:39:24] [ERROR]: ❌ Erro ao verificar/cadastrar tbl_utilizador: null value in column "nu_telefone" of relation "tbl_utilizador" violates not-null constraint
[2025-10-31 18:39:24] [ERROR]: ❌ Erro ao verificar/cadastrar tbl_funil_utilizador: insert or update on table "tbl_funil_utilizador" violates foreign key constraint "fk_tbl_funil_utilizador_tbl_funil_1"
[2025-10-31 18:39:24] [ERROR]: ❌ Erro ao verificar/cadastrar tbl_funil_utilizador: insert or update on table "tbl_funil_utilizador" violates foreign key constraint "fk_tbl_funil_utilizador_tbl_funil_1"
[2025-10-31 18:39:25] [ERROR]: ❌ Erro ao verificar/cadastrar tbl_utilizador: null value in column "nu_telefone" of relation "tbl_utilizador" violates not-null constraint
[2025-10-31 18:39:25] [ERROR]: ❌ Erro ao verificar/cadastrar tbl_utilizador: null value in column "nu_telefone" of relation "tbl_utilizador" violates not-null constraint
[2025-10-31 18:39:25] [ERROR]: ❌ Erro ao verificar/cadastrar tbl_funil_utilizador: insert or update on table "tbl_funil_utilizador" violates foreign key constraint "fk_tbl_funil_utilizador_tbl_funil_1"
[2025-10-31 18:39:25] [ERROR]: ❌ Erro ao verificar/cadastrar tbl_funil_utilizador: insert or update on table "tbl_funil_utilizador" violates foreign key constraint "fk_tbl_funil_utilizador_tbl_funil_1"
[2025-10-31 18:39:25] [ERROR]: ❌ Erro ao verificar/cadastrar tbl_utilizador: null value in column "nu_telefone" of relation "tbl_utilizador" violates not-null constraint
[2025-10-31 18:39:25] [ERROR]: ❌ Erro ao verificar/cadastrar tbl_utilizador: null value in column "nu_telefone" of relation "tbl_utilizador" violates not-null constraint
[2025-10-31 18:39:25] [ERROR]: ❌ Erro ao verificar/cadastrar tbl_funil_utilizador: insert or update on table "tbl_funil_utilizador" violates foreign key constraint "fk_tbl_funil_utilizador_tbl_funil_1"
[2025-10-31 18:39:25] [ERROR]: ❌ Erro ao verificar/cadastrar tbl_funil_utilizador: insert or update on table "tbl_funil_utilizador" violates foreign key constraint "fk_tbl_funil_utilizador_tbl_funil_1"
[2025-10-31 18:39:26] [ERROR]: ❌ Erro ao verificar/cadastrar tbl_utilizador: null value in column "nu_telefone" of relation "tbl_utilizador" violates not-null constraint
[2025-10-31 18:39:26] [ERROR]: ❌ Erro ao verificar/cadastrar tbl_utilizador: null value in column "nu_telefone" of relation "tbl_utilizador" violates not-null constraint
[2025-10-31 18:39:26] [ERROR]: ❌ Erro ao verificar/cadastrar tbl_funil_utilizador: insert or update on table "tbl_funil_utilizador" violates foreign key constraint "fk_tbl_funil_utilizador_tbl_funil_1"
[2025-10-31 18:39:26] [ERROR]: ❌ Erro ao verificar/cadastrar tbl_funil_utilizador: insert or update on table "tbl_funil_utilizador" violates foreign key constraint "fk_tbl_funil_utilizador_tbl_funil_1"
[2025-10-31 18:47:16] [ERROR]: ❌ Erro de conexão com PostgreSQL: the database system is starting up
[2025-10-31 18:56:27] [ERROR]: ❌ Erro ao verificar/cadastrar tbl_utilizador: null value in column "id_utilizador" of relation "tbl_utilizador" violates not-null constraint
[2025-10-31 18:56:27] [ERROR]: ❌ Erro ao verificar/cadastrar tbl_funil_utilizador: null value in column "id_utilizador" of relation "tbl_funil_utilizador" violates not-null constraint
[2025-10-31 18:56:27] [ERROR]: ❌ Falha ao enviar mensagem automática para undefined: Request failed with status code 400
[2025-10-31 19:11:03] [ERROR]: ❌ Erro ao verificar/cadastrar tbl_utilizador: null value in column "id_utilizador" of relation "tbl_utilizador" violates not-null constraint
[2025-10-31 19:11:03] [ERROR]: ❌ Erro ao verificar/cadastrar tbl_funil_utilizador: null value in column "id_utilizador" of relation "tbl_funil_utilizador" violates not-null constraint
[2025-10-31 19:11:03] [ERROR]: ❌ Falha ao enviar mensagem automática para undefined: Request failed with status code 400
[2025-10-31 19:13:56] [ERROR]: ❌ Erro de conexão com PostgreSQL: the database system is starting up
[2025-10-31 19:26:46] [ERROR]: ❌ Erro ao verificar/cadastrar tbl_utilizador: null value in column "id_utilizador" of relation "tbl_utilizador" violates not-null constraint
[2025-10-31 19:26:46] [ERROR]: ❌ Erro ao verificar/cadastrar tbl_funil_utilizador: null value in column "id_utilizador" of relation "tbl_funil_utilizador" violates not-null constraint
[2025-10-31 19:26:46] [ERROR]: ❌ Falha ao enviar mensagem automática para undefined: Request failed with status code 400
[2025-10-31 19:33:27] [ERROR]: ❌ Erro ao verificar/cadastrar tbl_utilizador: null value in column "id_utilizador" of relation "tbl_utilizador" violates not-null constraint
[2025-10-31 19:33:27] [ERROR]: ❌ Erro ao verificar/cadastrar tbl_funil_utilizador: null value in column "id_utilizador" of relation "tbl_funil_utilizador" violates not-null constraint
[2025-10-31 19:33:27] [ERROR]: ❌ Falha ao enviar mensagem automática para undefined: Request failed with status code 400
[2025-10-31 19:35:56] [ERROR]: ❌ Erro ao verificar/cadastrar tbl_utilizador: null value in column "id_utilizador" of relation "tbl_utilizador" violates not-null constraint
[2025-10-31 19:35:56] [ERROR]: ❌ Erro ao verificar/cadastrar tbl_funil_utilizador: null value in column "id_utilizador" of relation "tbl_funil_utilizador" violates not-null constraint
[2025-10-31 19:35:56] [ERROR]: ❌ Falha ao enviar mensagem automática para undefined: Request failed with status code 400
[2025-10-31 19:36:01] [ERROR]: ❌ Erro ao verificar/cadastrar tbl_utilizador: null value in column "id_utilizador" of relation "tbl_utilizador" violates not-null constraint
[2025-10-31 19:36:02] [ERROR]: ❌ Erro ao verificar/cadastrar tbl_funil_utilizador: null value in column "id_utilizador" of relation "tbl_funil_utilizador" violates not-null constraint
[2025-10-31 19:36:02] [ERROR]: ❌ Falha ao enviar mensagem automática para undefined: Request failed with status code 400
[2025-10-31 19:54:25] [ERROR]: ❌ Erro ao verificar/cadastrar tbl_utilizador: null value in column "id_utilizador" of relation "tbl_utilizador" violates not-null constraint
[2025-10-31 19:54:25] [ERROR]: ❌ Erro ao verificar/cadastrar tbl_funil_utilizador: null value in column "id_utilizador" of relation "tbl_funil_utilizador" violates not-null constraint
[2025-10-31 19:54:25] [ERROR]: ❌ Falha ao enviar mensagem automática para undefined: Request failed with status code 400
[2025-10-31 20:11:35] [ERROR]: ❌ Erro ao verificar/cadastrar tbl_utilizador: null value in column "id_utilizador" of relation "tbl_utilizador" violates not-null constraint
[2025-10-31 20:11:35] [ERROR]: ❌ Erro ao verificar/cadastrar tbl_funil_utilizador: null value in column "id_utilizador" of relation "tbl_funil_utilizador" violates not-null constraint
[2025-10-31 20:11:35] [ERROR]: ❌ Falha ao enviar mensagem automática para undefined: Request failed with status code 400
[2025-11-03 16:17:47] [ERROR]: ❌ Erro ao verificar/cadastrar tbl_utilizador: null value in column "id_utilizador" of relation "tbl_utilizador" violates not-null constraint
[2025-11-03 16:17:47] [ERROR]: ❌ Erro ao verificar/cadastrar tbl_funil_utilizador: null value in column "id_utilizador" of relation "tbl_funil_utilizador" violates not-null constraint
[2025-11-03 16:17:47] [ERROR]: ❌ Falha ao enviar mensagem automática para undefined: Request failed with status code 400
[2025-11-04 19:43:50] [ERROR]: ❌ Erro ao verificar/cadastrar tbl_utilizador: vIdUtilizador is not defined
[2025-11-04 19:43:50] [ERROR]: ❌ Erro no processamento do webhook: vCdMensagemCadastro is not defined
[2025-11-05 17:47:30] [ERROR]: ❌ Erro ao verificar/cadastrar tbl_utilizador: Cannot find module 'uuid'
Require stack:
- /app/src/server.js
[2025-11-05 17:47:30] [ERROR]: ❌ Erro ao verificar/cadastrar tbl_utilizador: Cannot find module 'uuid'
Require stack:
- /app/src/server.js
[2025-11-05 17:47:30] [ERROR]: ❌ Erro no processamento do webhook: vCdMensagemCadastro is not defined
[2025-11-05 18:12:15] [ERROR]: ❌ Erro ao buscar id_funil: the database system is starting up
[2025-11-05 18:12:15] [ERROR]: ❌ Erro de conexão com PostgreSQL: the database system is starting up
[2025-11-05 18:18:55] [ERROR]: ❌ Erro ao buscar id_funil: the database system is starting up
[2025-11-05 18:18:55] [ERROR]: ❌ Erro de conexão com PostgreSQL: the database system is starting up
[2025-11-05 18:29:08] [ERROR]: ❌ Erro ao verificar/cadastrar tbl_utilizador: Cannot find module 'uuid'
Require stack:
- /app/src/server.js
[2025-11-05 18:29:08] [ERROR]: ❌ Erro ao verificar/cadastrar tbl_utilizador: Cannot find module 'uuid'
Require stack:
- /app/src/server.js
[2025-11-05 18:29:08] [ERROR]: ❌ Erro no processamento do webhook: vCdMensagemCadastro is not defined
[2025-11-05 18:29:43] [ERROR]: ❌ Erro ao buscar id_funil: the database system is starting up
[2025-11-05 18:29:43] [ERROR]: ❌ Erro de conexão com PostgreSQL: the database system is starting up
[2025-11-05 18:30:31] [ERROR]: ❌ Erro ao buscar id_funil: the database system is starting up
[2025-11-05 18:30:31] [ERROR]: ❌ Erro de conexão com PostgreSQL: the database system is starting up
[2025-11-05 18:51:37] [ERROR]: ❌ Erro ao buscar id_funil: the database system is starting up
[2025-11-05 18:51:37] [ERROR]: ❌ Erro de conexão com PostgreSQL: the database system is starting up
[2025-11-05 18:59:31] [ERROR]: ❌ Erro ao buscar id_funil: the database system is starting up
[2025-11-05 18:59:31] [ERROR]: ❌ Erro de conexão com PostgreSQL: the database system is starting up
[2025-11-05 19:03:10] [ERROR]: ❌ Erro ao verificar/cadastrar tbl_utilizador: Cannot find module 'uuid'
Require stack:
- /app/src/server.js
[2025-11-05 19:03:10] [ERROR]: ❌ Erro ao verificar/cadastrar tbl_utilizador: Cannot find module 'uuid'
Require stack:
- /app/src/server.js
[2025-11-05 19:03:10] [ERROR]: ❌ Erro no processamento do webhook: vCdMensagemCadastro is not defined
[2025-11-05 19:05:12] [ERROR]: ❌ Erro ao verificar/cadastrar tbl_utilizador: Cannot find module 'uuid'
Require stack:
- /app/src/server.js
[2025-11-05 19:05:12] [ERROR]: ❌ Erro ao verificar/cadastrar tbl_utilizador: Cannot find module 'uuid'
Require stack:
- /app/src/server.js
[2025-11-05 19:09:41] [ERROR]: ❌ Erro de conexão com PostgreSQL: the database system is starting up
[2025-11-05 19:09:41] [ERROR]: ❌ Erro ao buscar id_funil: the database system is starting up
[2025-11-05 19:12:47] [ERROR]: ❌ Erro ao verificar/cadastrar tbl_utilizador: Cannot find module 'uuid'
Require stack:
- /app/src/server.js
[2025-11-05 19:12:47] [ERROR]: ❌ Erro ao verificar/cadastrar tbl_utilizador: Cannot find module 'uuid'
Require stack:
- /app/src/server.js
[2025-11-05 19:17:35] [ERROR]: ❌ Erro de conexão com PostgreSQL: the database system is starting up
[2025-11-05 19:17:35] [ERROR]: ❌ Erro ao buscar id_funil: the database system is starting up
[2025-11-05 19:27:43] [ERROR]: ❌ Erro ao verificar/cadastrar tbl_utilizador: Cannot find module 'uuid'
Require stack:
- /app/src/server.js
[2025-11-05 19:27:43] [ERROR]: ❌ Erro ao verificar/cadastrar tbl_utilizador: Cannot find module 'uuid'
Require stack:
- /app/src/server.js
[2025-11-05 19:42:34] [ERROR]: ❌ Erro ao buscar id_funil: the database system is starting up
[2025-11-05 19:42:34] [ERROR]: ❌ Erro de conexão com PostgreSQL: the database system is starting up
[2025-11-05 19:43:54] [ERROR]: ❌ Erro ao verificar/cadastrar tbl_utilizador: Cannot find module 'uuid'
Require stack:
- /app/src/server.js
[2025-11-05 19:43:54] [ERROR]: ❌ Erro ao verificar/cadastrar tbl_utilizador: Cannot find module 'uuid'
Require stack:
- /app/src/server.js
[2025-11-05 20:02:50] [ERROR]: ❌ Erro ao verificar/cadastrar tbl_utilizador: require() of ES Module /app/node_modules/uuid/dist-node/index.js from /app/src/server.js not supported.
Instead change the require of index.js in /app/src/server.js to a dynamic import() which is available in all CommonJS modules.
[2025-11-05 20:02:50] [ERROR]: ❌ Erro ao verificar/cadastrar tbl_utilizador: require() of ES Module /app/node_modules/uuid/dist-node/index.js from /app/src/server.js not supported.
Instead change the require of index.js in /app/src/server.js to a dynamic import() which is available in all CommonJS modules.
[2025-11-05 20:15:17] [ERROR]: ❌ Erro ao verificar/cadastrar tbl_utilizador: require() of ES Module /app/node_modules/uuid/dist-node/index.js from /app/src/server.js not supported.
Instead change the require of index.js in /app/src/server.js to a dynamic import() which is available in all CommonJS modules.
[2025-11-05 20:15:17] [ERROR]: ❌ Erro ao verificar/cadastrar tbl_utilizador: column "dh_mensagem" of relation "tbl_funil_utilizador" does not exist
[2025-11-05 20:19:29] [ERROR]: ❌ Erro ao verificar/cadastrar tbl_utilizador: require() of ES Module /app/node_modules/uuid/dist-node/index.js from /app/src/server.js not supported.
Instead change the require of index.js in /app/src/server.js to a dynamic import() which is available in all CommonJS modules.
[2025-11-05 20:19:29] [ERROR]: ❌ Erro ao verificar/cadastrar tbl_utilizador: column "dh_mensagem" of relation "tbl_funil_utilizador" does not exist
[2025-11-05 20:24:08] [ERROR]: ❌ Erro ao verificar/cadastrar tbl_utilizador: null value in column "nu_telefone" of relation "tbl_utilizador" violates not-null constraint
[2025-11-05 20:24:08] [ERROR]: ❌ Erro ao verificar/cadastrar tbl_utilizador: column "dh_mensagem" of relation "tbl_funil_utilizador" does not exist
[2025-11-10 16:07:45] [ERROR]: ❌ Erro ao verificar/cadastrar tbl_utilizador: null value in column "id_utilizador" of relation "tbl_funil_utilizador" violates not-null constraint
[2025-11-10 16:34:41] [ERROR]: ❌ Erro ao buscar id_funil: the database system is starting up
[2025-11-10 16:34:41] [ERROR]: ❌ Erro de conexão com PostgreSQL: the database system is starting up
[2025-11-10 16:35:27] [ERROR]: ❌ Erro no processamento do webhook: uuidv4 is not defined
[2025-11-10 16:36:24] [ERROR]: ❌ Erro de conexão com PostgreSQL: the database system is starting up
[2025-11-10 16:36:24] [ERROR]: ❌ Erro ao buscar id_funil: the database system is starting up
[2025-11-10 16:37:05] [ERROR]: ❌ Erro ao verificar/cadastrar tbl_utilizador: null value in column "id_funil" of relation "tbl_funil_utilizador" violates not-null constraint
[2025-11-10 16:40:41] [ERROR]: ❌ Erro ao verificar/cadastrar tbl_utilizador: null value in column "id_funil" of relation "tbl_funil_utilizador" violates not-null constraint
[2025-11-10 16:40:43] [ERROR]: ❌ Erro ao verificar/cadastrar tbl_utilizador: null value in column "id_funil" of relation "tbl_funil_utilizador" violates not-null constraint
[2025-11-10 16:40:44] [ERROR]: ❌ Erro ao verificar/cadastrar tbl_utilizador: null value in column "id_funil" of relation "tbl_funil_utilizador" violates not-null constraint
[2025-11-10 16:40:45] [ERROR]: ❌ Erro ao verificar/cadastrar tbl_utilizador: null value in column "id_funil" of relation "tbl_funil_utilizador" violates not-null constraint
[2025-11-10 16:40:45] [ERROR]: ❌ Erro ao verificar/cadastrar tbl_utilizador: null value in column "id_funil" of relation "tbl_funil_utilizador" violates not-null constraint
[2025-11-10 16:40:45] [ERROR]: ❌ Erro ao verificar/cadastrar tbl_utilizador: null value in column "id_funil" of relation "tbl_funil_utilizador" violates not-null constraint
[2025-11-10 16:40:45] [ERROR]: ❌ Erro ao verificar/cadastrar tbl_utilizador: null value in column "id_funil" of relation "tbl_funil_utilizador" violates not-null constraint
[2025-11-10 16:40:45] [ERROR]: ❌ Erro ao verificar/cadastrar tbl_utilizador: null value in column "id_funil" of relation "tbl_funil_utilizador" violates not-null constraint
[2025-11-10 16:40:46] [ERROR]: ❌ Erro ao verificar/cadastrar tbl_utilizador: null value in column "id_funil" of relation "tbl_funil_utilizador" violates not-null constraint
[2025-11-10 16:40:46] [ERROR]: ❌ Erro ao verificar/cadastrar tbl_utilizador: null value in column "id_funil" of relation "tbl_funil_utilizador" violates not-null constraint
[2025-11-10 16:40:46] [ERROR]: ❌ Erro ao verificar/cadastrar tbl_utilizador: null value in column "id_funil" of relation "tbl_funil_utilizador" violates not-null constraint
[2025-11-10 16:40:46] [ERROR]: ❌ Erro ao verificar/cadastrar tbl_utilizador: null value in column "id_funil" of relation "tbl_funil_utilizador" violates not-null constraint
[2025-11-10 16:40:47] [ERROR]: ❌ Erro ao verificar/cadastrar tbl_utilizador: null value in column "id_funil" of relation "tbl_funil_utilizador" violates not-null constraint
[2025-11-10 16:40:47] [ERROR]: ❌ Erro ao verificar/cadastrar tbl_utilizador: null value in column "id_funil" of relation "tbl_funil_utilizador" violates not-null constraint
[2025-11-10 16:40:47] [ERROR]: ❌ Erro ao verificar/cadastrar tbl_utilizador: null value in column "id_funil" of relation "tbl_funil_utilizador" violates not-null constraint
[2025-11-10 16:40:47] [ERROR]: ❌ Erro ao verificar/cadastrar tbl_utilizador: null value in column "id_funil" of relation "tbl_funil_utilizador" violates not-null constraint
[2025-11-10 16:40:48] [ERROR]: ❌ Erro ao verificar/cadastrar tbl_utilizador: null value in column "id_funil" of relation "tbl_funil_utilizador" violates not-null constraint
[2025-11-10 16:40:48] [ERROR]: ❌ Erro ao verificar/cadastrar tbl_utilizador: null value in column "id_funil" of relation "tbl_funil_utilizador" violates not-null constraint
[2025-11-10 16:40:48] [ERROR]: ❌ Erro ao verificar/cadastrar tbl_utilizador: null value in column "id_funil" of relation "tbl_funil_utilizador" violates not-null constraint
[2025-11-10 16:40:48] [ERROR]: ❌ Erro ao verificar/cadastrar tbl_utilizador: null value in column "id_funil" of relation "tbl_funil_utilizador" violates not-null constraint
[2025-11-10 16:40:48] [ERROR]: ❌ Erro ao verificar/cadastrar tbl_utilizador: null value in column "id_funil" of relation "tbl_funil_utilizador" violates not-null constraint
[2025-11-10 16:40:48] [ERROR]: ❌ Erro ao verificar/cadastrar tbl_utilizador: null value in column "id_funil" of relation "tbl_funil_utilizador" violates not-null constraint
[2025-11-10 16:40:48] [ERROR]: ❌ Erro ao verificar/cadastrar tbl_utilizador: null value in column "id_funil" of relation "tbl_funil_utilizador" violates not-null constraint
[2025-11-10 16:40:48] [ERROR]: ❌ Erro ao verificar/cadastrar tbl_utilizador: null value in column "id_funil" of relation "tbl_funil_utilizador" violates not-null constraint
[2025-11-10 16:46:40] [ERROR]: ❌ Erro ao verificar/cadastrar tbl_utilizador: insert or update on table "tbl_funil_utilizador" violates foreign key constraint "fk_tbl_funil_utilizador_tbl_funil_1"
[2025-11-10 16:49:00] [ERROR]: ❌ Erro ao verificar/cadastrar tbl_utilizador: insert or update on table "tbl_funil_utilizador" violates foreign key constraint "fk_tbl_funil_utilizador_tbl_funil_1"
[2025-11-10 16:49:33] [ERROR]: ❌ Erro de conexão com PostgreSQL: the database system is starting up
[2025-11-10 16:49:33] [ERROR]: ❌ Erro ao buscar id_funil: the database system is starting up
[2025-11-10 16:50:55] [ERROR]: ❌ Erro ao verificar/cadastrar tbl_utilizador: insert or update on table "tbl_funil_utilizador" violates foreign key constraint "fk_tbl_funil_utilizador_tbl_utilizador_2"
[2025-11-10 16:51:03] [ERROR]: ❌ Erro ao verificar/cadastrar tbl_utilizador: insert or update on table "tbl_funil_utilizador" violates foreign key constraint "fk_tbl_funil_utilizador_tbl_utilizador_2"
[2025-11-10 16:51:13] [ERROR]: ❌ Erro ao verificar/cadastrar tbl_utilizador: insert or update on table "tbl_funil_utilizador" violates foreign key constraint "fk_tbl_funil_utilizador_tbl_utilizador_2"
[2025-11-10 16:51:14] [ERROR]: ❌ Erro ao verificar/cadastrar tbl_utilizador: insert or update on table "tbl_funil_utilizador" violates foreign key constraint "fk_tbl_funil_utilizador_tbl_utilizador_2"
[2025-11-10 16:54:17] [ERROR]: ❌ Erro ao verificar/cadastrar tbl_utilizador: insert or update on table "tbl_funil_utilizador" violates foreign key constraint "fk_tbl_funil_utilizador_tbl_utilizador_2"
[2025-11-10 18:44:11] [ERROR]: ❌ Erro de conexão com PostgreSQL: the database system is starting up
[2025-11-10 18:44:11] [ERROR]: ❌ Erro ao buscar id_funil: the database system is starting up
[2025-11-10 18:56:01] [ERROR]: ❌ Erro de conexão com PostgreSQL: the database system is starting up
[2025-11-10 18:56:01] [ERROR]: ❌ Erro ao buscar id_funil: the database system is starting up
[2025-11-10 19:07:22] [ERROR]: ❌ Erro de conexão com PostgreSQL: the database system is starting up
[2025-11-10 19:07:22] [ERROR]: ❌ Erro ao buscar id_funil: the database system is starting up
[2025-11-10 19:27:38] [ERROR]: ❌ Erro no processamento do webhook: Request failed with status code 500
[2025-11-10 19:28:13] [ERROR]: ❌ Erro no processamento do webhook: Request failed with status code 500
[2025-11-10 19:49:34] [ERROR]: ❌ Erro no processamento do webhook: Request failed with status code 500
[2025-11-10 20:13:01] [ERROR]: ❌ Erro ao buscar id_funil: the database system is starting up
[2025-11-10 20:13:01] [ERROR]: ❌ Erro de conexão com PostgreSQL: the database system is starting up
[2025-11-10 20:14:37] [ERROR]: ❌ Erro ao verificar/cadastrar tbl_utilizador: insert or update on table "tbl_funil_utilizador" violates foreign key constraint "fk_tbl_funil_utilizador_tbl_utilizador_2"
[2025-11-10 20:14:38] [ERROR]: ❌ Erro ao verificar/cadastrar tbl_utilizador: insert or update on table "tbl_funil_utilizador" violates foreign key constraint "fk_tbl_funil_utilizador_tbl_utilizador_2"
